2018-05-16 10:05:11.400  INFO 7828 --- [main] com.cg.BankingApplication                : Starting BankingApplication on MININT-T51LDL5 with PID 7828 (D:\Users\trainee\Downloads\ATM\target\classes started by trainee in D:\Users\trainee\Downloads\ATM)
2018-05-16 10:05:11.400  INFO 7828 --- [main] com.cg.BankingApplication                : No active profile set, falling back to default profiles: default
2018-05-16 10:05:11.432  INFO 7828 --- [main] ConfigServletWebServerApplicationContext : Refreshing org.springframework.boot.web.servlet.context.AnnotationConfigServletWebServerApplicationContext@794cb805: startup date [Wed May 16 10:05:11 IST 2018]; root of context hierarchy
2018-05-16 10:05:12.119  INFO 7828 --- [main] trationDelegate$BeanPostProcessorChecker : Bean 'org.springframework.transaction.annotation.ProxyTransactionManagementConfiguration' of type [org.springframework.transaction.annotation.ProxyTransactionManagementConfiguration$$EnhancerBySpringCGLIB$$dce24d23] is not eligible for getting processed by all BeanPostProcessors (for example: not eligible for auto-proxying)
2018-05-16 10:05:12.323  INFO 7828 --- [main] o.s.b.w.embedded.tomcat.TomcatWebServer  : Tomcat initialized with port(s): 8080 (http)
2018-05-16 10:05:12.339  INFO 7828 --- [main] o.apache.catalina.core.StandardService   : Starting service [Tomcat]
2018-05-16 10:05:12.339  INFO 7828 --- [main] org.apache.catalina.core.StandardEngine  : Starting Servlet Engine: Apache Tomcat/8.5.31
2018-05-16 10:05:12.339  INFO 7828 --- [localhost-startStop-1] o.a.catalina.core.AprLifecycleListener   : The APR based Apache Tomcat Native library which allows optimal performance in production environments was not found on the java.library.path: [C:\Program Files\Java\jre1.8.0_161\bin;C:\WINDOWS\Sun\Java\bin;C:\WINDOWS\system32;C:\WINDOWS;C:/Program Files/Java/jdk1.8.0_161/bin/../jre/bin/server;C:/Program Files/Java/jdk1.8.0_161/bin/../jre/bin;C:/Program Files/Java/jdk1.8.0_161/bin/../jre/lib/amd64;C:\Program Files\Java\jdk1.8.0_161;C:\Program Files\Java\jdk1.8.0_161\bin;D:\Users\trainee\Downloads\sts-bundle\sts-3.9.3.RELEASE;;.]
2018-05-16 10:05:12.432  INFO 7828 --- [localhost-startStop-1] o.a.c.c.C.[Tomcat].[localhost].[/]       : Initializing Spring embedded WebApplicationContext
2018-05-16 10:05:12.432  INFO 7828 --- [localhost-startStop-1] o.s.web.context.ContextLoader            : Root WebApplicationContext: initialization completed in 1000 ms
2018-05-16 10:05:12.527  INFO 7828 --- [localhost-startStop-1] o.s.b.w.servlet.ServletRegistrationBean  : Servlet dispatcherServlet mapped to [/]
2018-05-16 10:05:12.527  INFO 7828 --- [localhost-startStop-1] o.s.b.w.servlet.FilterRegistrationBean   : Mapping filter: 'characterEncodingFilter' to: [/*]
2018-05-16 10:05:12.527  INFO 7828 --- [localhost-startStop-1] o.s.b.w.servlet.FilterRegistrationBean   : Mapping filter: 'hiddenHttpMethodFilter' to: [/*]
2018-05-16 10:05:12.527  INFO 7828 --- [localhost-startStop-1] o.s.b.w.servlet.FilterRegistrationBean   : Mapping filter: 'httpPutFormContentFilter' to: [/*]
2018-05-16 10:05:12.527  INFO 7828 --- [localhost-startStop-1] o.s.b.w.servlet.FilterRegistrationBean   : Mapping filter: 'requestContextFilter' to: [/*]
2018-05-16 10:05:12.636  INFO 7828 --- [main] com.zaxxer.hikari.HikariDataSource       : HikariPool-1 - Starting...
2018-05-16 10:05:12.792  INFO 7828 --- [main] com.zaxxer.hikari.HikariDataSource       : HikariPool-1 - Start completed.
2018-05-16 10:05:12.808  INFO 7828 --- [main] j.LocalContainerEntityManagerFactoryBean : Building JPA container EntityManagerFactory for persistence unit 'default'
2018-05-16 10:05:12.823  INFO 7828 --- [main] o.hibernate.jpa.internal.util.LogHelper  : HHH000204: Processing PersistenceUnitInfo [
	name: default
	...]
2018-05-16 10:05:12.870  INFO 7828 --- [main] org.hibernate.Version                    : HHH000412: Hibernate Core {5.2.17.Final}
2018-05-16 10:05:12.886  INFO 7828 --- [main] org.hibernate.cfg.Environment            : HHH000206: hibernate.properties not found
2018-05-16 10:05:12.917  INFO 7828 --- [main] o.hibernate.annotations.common.Version   : HCANN000001: Hibernate Commons Annotations {5.0.1.Final}
2018-05-16 10:05:13.057  INFO 7828 --- [main] org.hibernate.dialect.Dialect            : HHH000400: Using dialect: org.hibernate.dialect.MySQL5Dialect
2018-05-16 10:05:13.650  INFO 7828 --- [main] j.LocalContainerEntityManagerFactoryBean : Initialized JPA EntityManagerFactory for persistence unit 'default'
2018-05-16 10:05:13.869  INFO 7828 --- [main] o.s.w.s.handler.SimpleUrlHandlerMapping  : Mapped URL path [/**/favicon.ico] onto handler of type [class org.springframework.web.servlet.resource.ResourceHttpRequestHandler]
2018-05-16 10:05:14.041  INFO 7828 --- [main] s.w.s.m.m.a.RequestMappingHandlerAdapter : Looking for @ControllerAdvice: org.springframework.boot.web.servlet.context.AnnotationConfigServletWebServerApplicationContext@794cb805: startup date [Wed May 16 10:05:11 IST 2018]; root of context hierarchy
2018-05-16 10:05:14.072  WARN 7828 --- [main] aWebConfiguration$JpaWebMvcConfiguration : spring.jpa.open-in-view is enabled by default. Therefore, database queries may be performed during view rendering. Explicitly configure spring.jpa.open-in-view to disable this warning
2018-05-16 10:05:14.103  INFO 7828 --- [main] s.w.s.m.m.a.RequestMappingHandlerMapping : Mapped "{[/createBank],methods=[POST]}" onto public org.springframework.http.ResponseEntity<com.cg.entity.Bank> com.cg.controller.BankingController.createBank(com.cg.entity.Bank)
2018-05-16 10:05:14.103  INFO 7828 --- [main] s.w.s.m.m.a.RequestMappingHandlerMapping : Mapped "{[/viewAllBAnk],methods=[GET]}" onto public org.springframework.http.ResponseEntity<?> com.cg.controller.BankingController.viewAllBAnk()
2018-05-16 10:05:14.103  INFO 7828 --- [main] s.w.s.m.m.a.RequestMappingHandlerMapping : Mapped "{[/viewBankById],methods=[PUT]}" onto public org.springframework.http.ResponseEntity<java.lang.Object> com.cg.controller.BankingController.viewBankById(com.cg.entity.Bank)
2018-05-16 10:05:14.103  INFO 7828 --- [main] s.w.s.m.m.a.RequestMappingHandlerMapping : Mapped "{[/error]}" onto public org.springframework.http.ResponseEntity<java.util.Map<java.lang.String, java.lang.Object>> org.springframework.boot.autoconfigure.web.servlet.error.BasicErrorController.error(javax.servlet.http.HttpServletRequest)
2018-05-16 10:05:14.103  INFO 7828 --- [main] s.w.s.m.m.a.RequestMappingHandlerMapping : Mapped "{[/error],produces=[text/html]}" onto public org.springframework.web.servlet.ModelAndView org.springframework.boot.autoconfigure.web.servlet.error.BasicErrorController.errorHtml(javax.servlet.http.HttpServletRequest,javax.servlet.http.HttpServletResponse)
2018-05-16 10:05:14.119  INFO 7828 --- [main] o.s.w.s.handler.SimpleUrlHandlerMapping  : Mapped URL path [/webjars/**] onto handler of type [class org.springframework.web.servlet.resource.ResourceHttpRequestHandler]
2018-05-16 10:05:14.119  INFO 7828 --- [main] o.s.w.s.handler.SimpleUrlHandlerMapping  : Mapped URL path [/**] onto handler of type [class org.springframework.web.servlet.resource.ResourceHttpRequestHandler]
2018-05-16 10:05:14.322  INFO 7828 --- [main] o.s.j.e.a.AnnotationMBeanExporter        : Registering beans for JMX exposure on startup
2018-05-16 10:05:14.322  INFO 7828 --- [main] o.s.j.e.a.AnnotationMBeanExporter        : Bean with name 'dataSource' has been autodetected for JMX exposure
2018-05-16 10:05:14.337  INFO 7828 --- [main] o.s.j.e.a.AnnotationMBeanExporter        : Located MBean 'dataSource': registering with JMX server as MBean [com.zaxxer.hikari:name=dataSource,type=HikariDataSource]
2018-05-16 10:05:14.337 ERROR 7828 --- [main] o.apache.catalina.core.StandardService   : Failed to start connector [Connector[HTTP/1.1-8080]]

org.apache.catalina.LifecycleException: Failed to start component [Connector[HTTP/1.1-8080]]
	at org.apache.catalina.util.LifecycleBase.start(LifecycleBase.java:167) ~[tomcat-embed-core-8.5.31.jar:8.5.31]
	at org.apache.catalina.core.StandardService.addConnector(StandardService.java:225) ~[tomcat-embed-core-8.5.31.jar:8.5.31]
	at org.springframework.boot.web.embedded.tomcat.TomcatWebServer.addPreviouslyRemovedConnectors(TomcatWebServer.java:256) [spring-boot-2.0.2.RELEASE.jar:2.0.2.RELEASE]
	at org.springframework.boot.web.embedded.tomcat.TomcatWebServer.start(TomcatWebServer.java:198) [spring-boot-2.0.2.RELEASE.jar:2.0.2.RELEASE]
	at org.springframework.boot.web.servlet.context.ServletWebServerApplicationContext.startWebServer(ServletWebServerApplicationContext.java:300) [spring-boot-2.0.2.RELEASE.jar:2.0.2.RELEASE]
	at org.springframework.boot.web.servlet.context.ServletWebServerApplicationContext.finishRefresh(ServletWebServerApplicationContext.java:162) [spring-boot-2.0.2.RELEASE.jar:2.0.2.RELEASE]
	at org.springframework.context.support.AbstractApplicationContext.refresh(AbstractApplicationContext.java:553) [spring-context-5.0.6.RELEASE.jar:5.0.6.RELEASE]
	at org.springframework.boot.web.servlet.context.ServletWebServerApplicationContext.refresh(ServletWebServerApplicationContext.java:140) [spring-boot-2.0.2.RELEASE.jar:2.0.2.RELEASE]
	at org.springframework.boot.SpringApplication.refresh(SpringApplication.java:759) [spring-boot-2.0.2.RELEASE.jar:2.0.2.RELEASE]
	at org.springframework.boot.SpringApplication.refreshContext(SpringApplication.java:395) [spring-boot-2.0.2.RELEASE.jar:2.0.2.RELEASE]
	at org.springframework.boot.SpringApplication.run(SpringApplication.java:327) [spring-boot-2.0.2.RELEASE.jar:2.0.2.RELEASE]
	at org.springframework.boot.SpringApplication.run(SpringApplication.java:1255) [spring-boot-2.0.2.RELEASE.jar:2.0.2.RELEASE]
	at org.springframework.boot.SpringApplication.run(SpringApplication.java:1243) [spring-boot-2.0.2.RELEASE.jar:2.0.2.RELEASE]
	at com.cg.BankingApplication.main(BankingApplication.java:10) [classes/:na]
Caused by: org.apache.catalina.LifecycleException: Protocol handler start failed
	at org.apache.catalina.connector.Connector.startInternal(Connector.java:1020) ~[tomcat-embed-core-8.5.31.jar:8.5.31]
	at org.apache.catalina.util.LifecycleBase.start(LifecycleBase.java:150) ~[tomcat-embed-core-8.5.31.jar:8.5.31]
	... 13 common frames omitted
Caused by: java.net.BindException: Address already in use: bind
	at sun.nio.ch.Net.bind0(Native Method) ~[na:1.8.0_161]
	at sun.nio.ch.Net.bind(Unknown Source) ~[na:1.8.0_161]
	at sun.nio.ch.Net.bind(Unknown Source) ~[na:1.8.0_161]
	at sun.nio.ch.ServerSocketChannelImpl.bind(Unknown Source) ~[na:1.8.0_161]
	at sun.nio.ch.ServerSocketAdaptor.bind(Unknown Source) ~[na:1.8.0_161]
	at org.apache.tomcat.util.net.NioEndpoint.bind(NioEndpoint.java:210) ~[tomcat-embed-core-8.5.31.jar:8.5.31]
	at org.apache.tomcat.util.net.AbstractEndpoint.start(AbstractEndpoint.java:1150) ~[tomcat-embed-core-8.5.31.jar:8.5.31]
	at org.apache.coyote.AbstractProtocol.start(AbstractProtocol.java:591) ~[tomcat-embed-core-8.5.31.jar:8.5.31]
	at org.apache.catalina.connector.Connector.startInternal(Connector.java:1018) ~[tomcat-embed-core-8.5.31.jar:8.5.31]
	... 14 common frames omitted

2018-05-16 10:05:14.353  INFO 7828 --- [main] o.apache.catalina.core.StandardService   : Stopping service [Tomcat]
2018-05-16 10:05:14.353  INFO 7828 --- [main] ConditionEvaluationReportLoggingListener : 

Error starting ApplicationContext. To display the conditions report re-run your application with 'debug' enabled.
2018-05-16 10:05:14.353 ERROR 7828 --- [main] o.s.b.d.LoggingFailureAnalysisReporter   : 

***************************
APPLICATION FAILED TO START
***************************

Description:

The Tomcat connector configured to listen on port 8080 failed to start. The port may already be in use or the connector may be misconfigured.

Action:

Verify the connector's configuration, identify and stop any process that's listening on port 8080, or configure this application to listen on another port.

2018-05-16 10:05:14.353  INFO 7828 --- [main] ConfigServletWebServerApplicationContext : Closing org.springframework.boot.web.servlet.context.AnnotationConfigServletWebServerApplicationContext@794cb805: startup date [Wed May 16 10:05:11 IST 2018]; root of context hierarchy
2018-05-16 10:05:14.353  INFO 7828 --- [main] o.s.j.e.a.AnnotationMBeanExporter        : Unregistering JMX-exposed beans on shutdown
2018-05-16 10:05:14.353  INFO 7828 --- [main] o.s.j.e.a.AnnotationMBeanExporter        : Unregistering JMX-exposed beans
2018-05-16 10:05:14.353  INFO 7828 --- [main] j.LocalContainerEntityManagerFactoryBean : Closing JPA EntityManagerFactory for persistence unit 'default'
2018-05-16 10:05:14.369  INFO 7828 --- [main] com.zaxxer.hikari.HikariDataSource       : HikariPool-1 - Shutdown initiated...
2018-05-16 10:05:14.384  INFO 7828 --- [main] com.zaxxer.hikari.HikariDataSource       : HikariPool-1 - Shutdown completed.
2018-05-16 10:05:17.757  INFO 9520 --- [RMI TCP Connection(2)-127.0.0.1] inMXBeanRegistrar$SpringApplicationAdmin : Application shutdown requested.
2018-05-16 10:05:17.757  INFO 9520 --- [RMI TCP Connection(2)-127.0.0.1] ConfigServletWebServerApplicationContext : Closing org.springframework.boot.web.servlet.context.AnnotationConfigServletWebServerApplicationContext@3c22fc4c: startup date [Wed May 16 09:39:16 IST 2018]; root of context hierarchy
2018-05-16 10:05:17.757  INFO 9520 --- [RMI TCP Connection(2)-127.0.0.1] o.s.j.e.a.AnnotationMBeanExporter        : Unregistering JMX-exposed beans on shutdown
2018-05-16 10:05:17.757  INFO 9520 --- [RMI TCP Connection(2)-127.0.0.1] o.s.j.e.a.AnnotationMBeanExporter        : Unregistering JMX-exposed beans
2018-05-16 10:05:17.757  INFO 9520 --- [RMI TCP Connection(2)-127.0.0.1] j.LocalContainerEntityManagerFactoryBean : Closing JPA EntityManagerFactory for persistence unit 'default'
2018-05-16 10:05:17.772  INFO 9520 --- [RMI TCP Connection(2)-127.0.0.1] com.zaxxer.hikari.HikariDataSource       : HikariPool-1 - Shutdown initiated...
2018-05-16 10:05:17.772  INFO 9520 --- [RMI TCP Connection(2)-127.0.0.1] com.zaxxer.hikari.HikariDataSource       : HikariPool-1 - Shutdown completed.
2018-05-16 10:05:23.260  INFO 7376 --- [main] com.cg.BankingApplication                : Starting BankingApplication on MININT-T51LDL5 with PID 7376 (D:\Users\trainee\Downloads\ATM\target\classes started by trainee in D:\Users\trainee\Downloads\ATM)
2018-05-16 10:05:23.260  INFO 7376 --- [main] com.cg.BankingApplication                : No active profile set, falling back to default profiles: default
2018-05-16 10:05:23.291  INFO 7376 --- [main] ConfigServletWebServerApplicationContext : Refreshing org.springframework.boot.web.servlet.context.AnnotationConfigServletWebServerApplicationContext@3c22fc4c: startup date [Wed May 16 10:05:23 IST 2018]; root of context hierarchy
2018-05-16 10:05:23.967  INFO 7376 --- [main] trationDelegate$BeanPostProcessorChecker : Bean 'org.springframework.transaction.annotation.ProxyTransactionManagementConfiguration' of type [org.springframework.transaction.annotation.ProxyTransactionManagementConfiguration$$EnhancerBySpringCGLIB$$b1056ab4] is not eligible for getting processed by all BeanPostProcessors (for example: not eligible for auto-proxying)
2018-05-16 10:05:24.154  INFO 7376 --- [main] o.s.b.w.embedded.tomcat.TomcatWebServer  : Tomcat initialized with port(s): 8080 (http)
2018-05-16 10:05:24.170  INFO 7376 --- [main] o.apache.catalina.core.StandardService   : Starting service [Tomcat]
2018-05-16 10:05:24.170  INFO 7376 --- [main] org.apache.catalina.core.StandardEngine  : Starting Servlet Engine: Apache Tomcat/8.5.31
2018-05-16 10:05:24.170  INFO 7376 --- [localhost-startStop-1] o.a.catalina.core.AprLifecycleListener   : The APR based Apache Tomcat Native library which allows optimal performance in production environments was not found on the java.library.path: [C:\Program Files\Java\jre1.8.0_161\bin;C:\WINDOWS\Sun\Java\bin;C:\WINDOWS\system32;C:\WINDOWS;C:/Program Files/Java/jdk1.8.0_161/bin/../jre/bin/server;C:/Program Files/Java/jdk1.8.0_161/bin/../jre/bin;C:/Program Files/Java/jdk1.8.0_161/bin/../jre/lib/amd64;C:\Program Files\Java\jdk1.8.0_161;C:\Program Files\Java\jdk1.8.0_161\bin;D:\Users\trainee\Downloads\sts-bundle\sts-3.9.3.RELEASE;;.]
2018-05-16 10:05:24.248  INFO 7376 --- [localhost-startStop-1] o.a.c.c.C.[Tomcat].[localhost].[/]       : Initializing Spring embedded WebApplicationContext
2018-05-16 10:05:24.248  INFO 7376 --- [localhost-startStop-1] o.s.web.context.ContextLoader            : Root WebApplicationContext: initialization completed in 957 ms
2018-05-16 10:05:24.357  INFO 7376 --- [localhost-startStop-1] o.s.b.w.servlet.ServletRegistrationBean  : Servlet dispatcherServlet mapped to [/]
2018-05-16 10:05:24.357  INFO 7376 --- [localhost-startStop-1] o.s.b.w.servlet.FilterRegistrationBean   : Mapping filter: 'characterEncodingFilter' to: [/*]
2018-05-16 10:05:24.357  INFO 7376 --- [localhost-startStop-1] o.s.b.w.servlet.FilterRegistrationBean   : Mapping filter: 'hiddenHttpMethodFilter' to: [/*]
2018-05-16 10:05:24.357  INFO 7376 --- [localhost-startStop-1] o.s.b.w.servlet.FilterRegistrationBean   : Mapping filter: 'httpPutFormContentFilter' to: [/*]
2018-05-16 10:05:24.357  INFO 7376 --- [localhost-startStop-1] o.s.b.w.servlet.FilterRegistrationBean   : Mapping filter: 'requestContextFilter' to: [/*]
2018-05-16 10:05:24.467  INFO 7376 --- [main] com.zaxxer.hikari.HikariDataSource       : HikariPool-1 - Starting...
2018-05-16 10:05:24.608  INFO 7376 --- [main] com.zaxxer.hikari.HikariDataSource       : HikariPool-1 - Start completed.
2018-05-16 10:05:24.639  INFO 7376 --- [main] j.LocalContainerEntityManagerFactoryBean : Building JPA container EntityManagerFactory for persistence unit 'default'
2018-05-16 10:05:24.654  INFO 7376 --- [main] o.hibernate.jpa.internal.util.LogHelper  : HHH000204: Processing PersistenceUnitInfo [
	name: default
	...]
2018-05-16 10:05:24.701  INFO 7376 --- [main] org.hibernate.Version                    : HHH000412: Hibernate Core {5.2.17.Final}
2018-05-16 10:05:24.701  INFO 7376 --- [main] org.hibernate.cfg.Environment            : HHH000206: hibernate.properties not found
2018-05-16 10:05:24.732  INFO 7376 --- [main] o.hibernate.annotations.common.Version   : HCANN000001: Hibernate Commons Annotations {5.0.1.Final}
2018-05-16 10:05:24.888  INFO 7376 --- [main] org.hibernate.dialect.Dialect            : HHH000400: Using dialect: org.hibernate.dialect.MySQL5Dialect
2018-05-16 10:05:25.481  INFO 7376 --- [main] j.LocalContainerEntityManagerFactoryBean : Initialized JPA EntityManagerFactory for persistence unit 'default'
2018-05-16 10:05:25.701  INFO 7376 --- [main] o.s.w.s.handler.SimpleUrlHandlerMapping  : Mapped URL path [/**/favicon.ico] onto handler of type [class org.springframework.web.servlet.resource.ResourceHttpRequestHandler]
2018-05-16 10:05:25.857  INFO 7376 --- [main] s.w.s.m.m.a.RequestMappingHandlerAdapter : Looking for @ControllerAdvice: org.springframework.boot.web.servlet.context.AnnotationConfigServletWebServerApplicationContext@3c22fc4c: startup date [Wed May 16 10:05:23 IST 2018]; root of context hierarchy
2018-05-16 10:05:25.888  WARN 7376 --- [main] aWebConfiguration$JpaWebMvcConfiguration : spring.jpa.open-in-view is enabled by default. Therefore, database queries may be performed during view rendering. Explicitly configure spring.jpa.open-in-view to disable this warning
2018-05-16 10:05:25.919  INFO 7376 --- [main] s.w.s.m.m.a.RequestMappingHandlerMapping : Mapped "{[/createBank],methods=[POST]}" onto public org.springframework.http.ResponseEntity<com.cg.entity.Bank> com.cg.controller.BankingController.createBank(com.cg.entity.Bank)
2018-05-16 10:05:25.919  INFO 7376 --- [main] s.w.s.m.m.a.RequestMappingHandlerMapping : Mapped "{[/viewAllBAnk],methods=[GET]}" onto public org.springframework.http.ResponseEntity<?> com.cg.controller.BankingController.viewAllBAnk()
2018-05-16 10:05:25.919  INFO 7376 --- [main] s.w.s.m.m.a.RequestMappingHandlerMapping : Mapped "{[/viewBankById],methods=[PUT]}" onto public org.springframework.http.ResponseEntity<java.lang.Object> com.cg.controller.BankingController.viewBankById(com.cg.entity.Bank)
2018-05-16 10:05:25.919  INFO 7376 --- [main] s.w.s.m.m.a.RequestMappingHandlerMapping : Mapped "{[/error]}" onto public org.springframework.http.ResponseEntity<java.util.Map<java.lang.String, java.lang.Object>> org.springframework.boot.autoconfigure.web.servlet.error.BasicErrorController.error(javax.servlet.http.HttpServletRequest)
2018-05-16 10:05:25.919  INFO 7376 --- [main] s.w.s.m.m.a.RequestMappingHandlerMapping : Mapped "{[/error],produces=[text/html]}" onto public org.springframework.web.servlet.ModelAndView org.springframework.boot.autoconfigure.web.servlet.error.BasicErrorController.errorHtml(javax.servlet.http.HttpServletRequest,javax.servlet.http.HttpServletResponse)
2018-05-16 10:05:25.935  INFO 7376 --- [main] o.s.w.s.handler.SimpleUrlHandlerMapping  : Mapped URL path [/webjars/**] onto handler of type [class org.springframework.web.servlet.resource.ResourceHttpRequestHandler]
2018-05-16 10:05:25.935  INFO 7376 --- [main] o.s.w.s.handler.SimpleUrlHandlerMapping  : Mapped URL path [/**] onto handler of type [class org.springframework.web.servlet.resource.ResourceHttpRequestHandler]
2018-05-16 10:05:26.122  INFO 7376 --- [main] o.s.j.e.a.AnnotationMBeanExporter        : Registering beans for JMX exposure on startup
2018-05-16 10:05:26.122  INFO 7376 --- [main] o.s.j.e.a.AnnotationMBeanExporter        : Bean with name 'dataSource' has been autodetected for JMX exposure
2018-05-16 10:05:26.137  INFO 7376 --- [main] o.s.j.e.a.AnnotationMBeanExporter        : Located MBean 'dataSource': registering with JMX server as MBean [com.zaxxer.hikari:name=dataSource,type=HikariDataSource]
2018-05-16 10:05:26.153  INFO 7376 --- [main] o.s.b.w.embedded.tomcat.TomcatWebServer  : Tomcat started on port(s): 8080 (http) with context path ''
2018-05-16 10:05:26.169  INFO 7376 --- [main] com.cg.BankingApplication                : Started BankingApplication in 3.127 seconds (JVM running for 3.759)
