2018-05-14 09:53:22.136  INFO 2380 --- [main] c.c.r.RetailerStoreSpringBootApplication : Starting RetailerStoreSpringBootApplication on MININT-T51LDL5 with PID 2380 (D:\Users\trainee\Downloads\RetailerStoreSpringBoot\target\classes started by trainee in D:\Users\trainee\Downloads\RetailerStoreSpringBoot)
2018-05-14 09:53:22.143  INFO 2380 --- [main] c.c.r.RetailerStoreSpringBootApplication : No active profile set, falling back to default profiles: default
2018-05-14 09:53:22.189  INFO 2380 --- [main] ConfigServletWebServerApplicationContext : Refreshing org.springframework.boot.web.servlet.context.AnnotationConfigServletWebServerApplicationContext@67a20f67: startup date [Mon May 14 09:53:22 IST 2018]; root of context hierarchy
2018-05-14 09:53:22.972  INFO 2380 --- [main] trationDelegate$BeanPostProcessorChecker : Bean 'org.springframework.transaction.annotation.ProxyTransactionManagementConfiguration' of type [org.springframework.transaction.annotation.ProxyTransactionManagementConfiguration$$EnhancerBySpringCGLIB$$5fa72150] is not eligible for getting processed by all BeanPostProcessors (for example: not eligible for auto-proxying)
2018-05-14 09:53:23.109  INFO 2380 --- [main] org.eclipse.jetty.util.log               : Logging initialized @1820ms to org.eclipse.jetty.util.log.Slf4jLog
2018-05-14 09:53:23.167  INFO 2380 --- [main] o.s.b.w.e.j.JettyServletWebServerFactory : Server initialized with port: 8082
2018-05-14 09:53:23.168  INFO 2380 --- [main] org.eclipse.jetty.server.Server          : jetty-9.4.9.v20180320; built: 2018-03-20T17:51:10+05:30; git: 1f8159b1e4a42d3f79997021ea1609f2fbac6de5; jvm 1.8.0_161-b12
2018-05-14 09:53:23.252  INFO 2380 --- [main] org.eclipse.jetty.server.session         : DefaultSessionIdManager workerName=node0
2018-05-14 09:53:23.252  INFO 2380 --- [main] org.eclipse.jetty.server.session         : No SessionScavenger set, using defaults
2018-05-14 09:53:23.253  INFO 2380 --- [main] org.eclipse.jetty.server.session         : Scavenging every 660000ms
2018-05-14 09:53:23.257  INFO 2380 --- [main] o.e.j.s.h.ContextHandler.application     : Initializing Spring embedded WebApplicationContext
2018-05-14 09:53:23.257  INFO 2380 --- [main] o.s.web.context.ContextLoader            : Root WebApplicationContext: initialization completed in 1068 ms
2018-05-14 09:53:23.329  INFO 2380 --- [main] o.s.b.w.servlet.ServletRegistrationBean  : Servlet dispatcherServlet mapped to [/]
2018-05-14 09:53:23.331  INFO 2380 --- [main] o.s.b.w.servlet.FilterRegistrationBean   : Mapping filter: 'characterEncodingFilter' to: [/*]
2018-05-14 09:53:23.332  INFO 2380 --- [main] o.s.b.w.servlet.FilterRegistrationBean   : Mapping filter: 'hiddenHttpMethodFilter' to: [/*]
2018-05-14 09:53:23.332  INFO 2380 --- [main] o.s.b.w.servlet.FilterRegistrationBean   : Mapping filter: 'httpPutFormContentFilter' to: [/*]
2018-05-14 09:53:23.332  INFO 2380 --- [main] o.s.b.w.servlet.FilterRegistrationBean   : Mapping filter: 'requestContextFilter' to: [/*]
2018-05-14 09:53:23.335  INFO 2380 --- [main] o.e.jetty.server.handler.ContextHandler  : Started o.s.b.w.e.j.JettyEmbeddedWebAppContext@6f6962ba{/,[file:///C:/Users/trainee/AppData/Local/Temp/jetty-docbase.4439861798308794856.8082/],AVAILABLE}
2018-05-14 09:53:23.335  INFO 2380 --- [main] org.eclipse.jetty.server.Server          : Started @2047ms
2018-05-14 09:53:23.424  INFO 2380 --- [main] com.zaxxer.hikari.HikariDataSource       : HikariPool-1 - Starting...
2018-05-14 09:53:23.571  INFO 2380 --- [main] com.zaxxer.hikari.HikariDataSource       : HikariPool-1 - Start completed.
2018-05-14 09:53:23.601  INFO 2380 --- [main] j.LocalContainerEntityManagerFactoryBean : Building JPA container EntityManagerFactory for persistence unit 'default'
2018-05-14 09:53:23.611  INFO 2380 --- [main] o.hibernate.jpa.internal.util.LogHelper  : HHH000204: Processing PersistenceUnitInfo [
	name: default
	...]
2018-05-14 09:53:23.655  INFO 2380 --- [main] org.hibernate.Version                    : HHH000412: Hibernate Core {5.2.16.Final}
2018-05-14 09:53:23.656  INFO 2380 --- [main] org.hibernate.cfg.Environment            : HHH000206: hibernate.properties not found
2018-05-14 09:53:23.684  INFO 2380 --- [main] o.hibernate.annotations.common.Version   : HCANN000001: Hibernate Commons Annotations {5.0.1.Final}
2018-05-14 09:53:23.857  INFO 2380 --- [main] org.hibernate.dialect.Dialect            : HHH000400: Using dialect: org.hibernate.dialect.MySQL5Dialect
2018-05-14 09:53:24.181  INFO 2380 --- [main] j.LocalContainerEntityManagerFactoryBean : Initialized JPA EntityManagerFactory for persistence unit 'default'
2018-05-14 09:53:24.452  INFO 2380 --- [main] o.s.w.s.handler.SimpleUrlHandlerMapping  : Mapped URL path [/**/favicon.ico] onto handler of type [class org.springframework.web.servlet.resource.ResourceHttpRequestHandler]
2018-05-14 09:53:24.647  INFO 2380 --- [main] s.w.s.m.m.a.RequestMappingHandlerAdapter : Looking for @ControllerAdvice: org.springframework.boot.web.servlet.context.AnnotationConfigServletWebServerApplicationContext@67a20f67: startup date [Mon May 14 09:53:22 IST 2018]; root of context hierarchy
2018-05-14 09:53:24.668  WARN 2380 --- [main] aWebConfiguration$JpaWebMvcConfiguration : spring.jpa.open-in-view is enabled by default. Therefore, database queries may be performed during view rendering. Explicitly configure spring.jpa.open-in-view to disable this warning
2018-05-14 09:53:24.697  INFO 2380 --- [main] s.w.s.m.m.a.RequestMappingHandlerMapping : Mapped "{[/addCustomer],methods=[POST]}" onto public org.springframework.http.ResponseEntity<com.cg.retail.entity.Customer> com.cg.retail.controller.StoreController.addCustomer(com.cg.retail.entity.Customer)
2018-05-14 09:53:24.697  INFO 2380 --- [main] s.w.s.m.m.a.RequestMappingHandlerMapping : Mapped "{[/viewCustomer],methods=[GET]}" onto public org.springframework.http.ResponseEntity<?> com.cg.retail.controller.StoreController.viewCustomer()
2018-05-14 09:53:24.698  INFO 2380 --- [main] s.w.s.m.m.a.RequestMappingHandlerMapping : Mapped "{[/deleteCustomer],methods=[DELETE]}" onto public org.springframework.http.ResponseEntity<?> com.cg.retail.controller.StoreController.deleteCustomer(java.lang.Integer)
2018-05-14 09:53:24.698  INFO 2380 --- [main] s.w.s.m.m.a.RequestMappingHandlerMapping : Mapped "{[/updateCustomer],methods=[PUT]}" onto public org.springframework.http.ResponseEntity<com.cg.retail.entity.Customer> com.cg.retail.controller.StoreController.updateCustomer(java.lang.Integer)
2018-05-14 09:53:24.698  INFO 2380 --- [main] s.w.s.m.m.a.RequestMappingHandlerMapping : Mapped "{[/viewCustomerById],methods=[PUT]}" onto public org.springframework.http.ResponseEntity<java.lang.Object> com.cg.retail.controller.StoreController.viewCustomerById(com.cg.retail.entity.Customer)
2018-05-14 09:53:24.698  INFO 2380 --- [main] s.w.s.m.m.a.RequestMappingHandlerMapping : Mapped "{[/addSupplier],methods=[POST]}" onto public org.springframework.http.ResponseEntity<com.cg.retail.entity.Supplier> com.cg.retail.controller.StoreController.addSupplier(com.cg.retail.entity.Supplier)
2018-05-14 09:53:24.699  INFO 2380 --- [main] s.w.s.m.m.a.RequestMappingHandlerMapping : Mapped "{[/viewSupplier],methods=[GET]}" onto public org.springframework.http.ResponseEntity<java.util.List<com.cg.retail.entity.Supplier>> com.cg.retail.controller.StoreController.viewSupplier()
2018-05-14 09:53:24.699  INFO 2380 --- [main] s.w.s.m.m.a.RequestMappingHandlerMapping : Mapped "{[/deleteSupplier],methods=[DELETE]}" onto public org.springframework.http.ResponseEntity<com.cg.retail.entity.Supplier> com.cg.retail.controller.StoreController.deleteSupplier(java.lang.Integer)
2018-05-14 09:53:24.699  INFO 2380 --- [main] s.w.s.m.m.a.RequestMappingHandlerMapping : Mapped "{[/updateSupplier],methods=[PUT]}" onto public org.springframework.http.ResponseEntity<com.cg.retail.entity.Supplier> com.cg.retail.controller.StoreController.updateSupplier(java.lang.Integer)
2018-05-14 09:53:24.700  INFO 2380 --- [main] s.w.s.m.m.a.RequestMappingHandlerMapping : Mapped "{[/viewSupplierById],methods=[PUT]}" onto public org.springframework.http.ResponseEntity<java.lang.Object> com.cg.retail.controller.StoreController.viewSupplierById(com.cg.retail.entity.Supplier)
2018-05-14 09:53:24.700  INFO 2380 --- [main] s.w.s.m.m.a.RequestMappingHandlerMapping : Mapped "{[/addGoods],methods=[POST]}" onto public org.springframework.http.ResponseEntity<com.cg.retail.entity.Goods> com.cg.retail.controller.StoreController.addGoods(com.cg.retail.entity.Goods)
2018-05-14 09:53:24.700  INFO 2380 --- [main] s.w.s.m.m.a.RequestMappingHandlerMapping : Mapped "{[/viewGoods],methods=[GET]}" onto public org.springframework.http.ResponseEntity<java.util.List<com.cg.retail.entity.Goods>> com.cg.retail.controller.StoreController.viewGoods()
2018-05-14 09:53:24.700  INFO 2380 --- [main] s.w.s.m.m.a.RequestMappingHandlerMapping : Mapped "{[/deleteGoods],methods=[DELETE]}" onto public org.springframework.http.ResponseEntity<com.cg.retail.entity.Goods> com.cg.retail.controller.StoreController.deleteGoods(java.lang.Integer)
2018-05-14 09:53:24.701  INFO 2380 --- [main] s.w.s.m.m.a.RequestMappingHandlerMapping : Mapped "{[/updateGoods],methods=[PUT]}" onto public org.springframework.http.ResponseEntity<com.cg.retail.entity.Goods> com.cg.retail.controller.StoreController.updateGoods(java.lang.Integer)
2018-05-14 09:53:24.701  INFO 2380 --- [main] s.w.s.m.m.a.RequestMappingHandlerMapping : Mapped "{[/viewGoodsById],methods=[PUT]}" onto public org.springframework.http.ResponseEntity<java.lang.Object> com.cg.retail.controller.StoreController.viewGoodsById(com.cg.retail.entity.Goods)
2018-05-14 09:53:24.701  INFO 2380 --- [main] s.w.s.m.m.a.RequestMappingHandlerMapping : Mapped "{[/addRetailer],methods=[POST]}" onto public org.springframework.http.ResponseEntity<com.cg.retail.entity.Retailer> com.cg.retail.controller.StoreController.addRetailer(com.cg.retail.entity.Retailer)
2018-05-14 09:53:24.703  INFO 2380 --- [main] s.w.s.m.m.a.RequestMappingHandlerMapping : Mapped "{[/error]}" onto public org.springframework.http.ResponseEntity<java.util.Map<java.lang.String, java.lang.Object>> org.springframework.boot.autoconfigure.web.servlet.error.BasicErrorController.error(javax.servlet.http.HttpServletRequest)
2018-05-14 09:53:24.703  INFO 2380 --- [main] s.w.s.m.m.a.RequestMappingHandlerMapping : Mapped "{[/error],produces=[text/html]}" onto public org.springframework.web.servlet.ModelAndView org.springframework.boot.autoconfigure.web.servlet.error.BasicErrorController.errorHtml(javax.servlet.http.HttpServletRequest,javax.servlet.http.HttpServletResponse)
2018-05-14 09:53:24.722  INFO 2380 --- [main] o.s.w.s.handler.SimpleUrlHandlerMapping  : Mapped URL path [/webjars/**] onto handler of type [class org.springframework.web.servlet.resource.ResourceHttpRequestHandler]
2018-05-14 09:53:24.722  INFO 2380 --- [main] o.s.w.s.handler.SimpleUrlHandlerMapping  : Mapped URL path [/**] onto handler of type [class org.springframework.web.servlet.resource.ResourceHttpRequestHandler]
2018-05-14 09:53:24.906  INFO 2380 --- [main] o.s.j.e.a.AnnotationMBeanExporter        : Registering beans for JMX exposure on startup
2018-05-14 09:53:24.907  INFO 2380 --- [main] o.s.j.e.a.AnnotationMBeanExporter        : Bean with name 'dataSource' has been autodetected for JMX exposure
2018-05-14 09:53:24.911  INFO 2380 --- [main] o.s.j.e.a.AnnotationMBeanExporter        : Located MBean 'dataSource': registering with JMX server as MBean [com.zaxxer.hikari:name=dataSource,type=HikariDataSource]
2018-05-14 09:53:24.923  INFO 2380 --- [main] o.e.j.s.h.ContextHandler.application     : Initializing Spring FrameworkServlet 'dispatcherServlet'
2018-05-14 09:53:24.923  INFO 2380 --- [main] o.s.web.servlet.DispatcherServlet        : FrameworkServlet 'dispatcherServlet': initialization started
2018-05-14 09:53:24.933  INFO 2380 --- [main] o.s.web.servlet.DispatcherServlet        : FrameworkServlet 'dispatcherServlet': initialization completed in 10 ms
2018-05-14 09:53:24.950  INFO 2380 --- [main] o.e.jetty.server.AbstractConnector       : Started ServerConnector@48268eec{HTTP/1.1,[http/1.1]}{0.0.0.0:8082}
2018-05-14 09:53:24.953  INFO 2380 --- [main] o.s.b.web.embedded.jetty.JettyWebServer  : Jetty started on port(s) 8082 (http/1.1) with context path '/'
2018-05-14 09:53:24.956  INFO 2380 --- [main] c.c.r.RetailerStoreSpringBootApplication : Started RetailerStoreSpringBootApplication in 3.05 seconds (JVM running for 3.668)
